<?xml version="1.0" encoding="utf-8"?>
<TestRun id="630cc9d6-1743-4635-ae68-b3da3f96c670" name="spark@NICK-PC 2026-03-01 14:20:01" runUser="NICK-PC\spark" xmlns="http://microsoft.com/schemas/VisualStudio/TeamTest/2010">
  <Times creation="2026-03-01T14:20:01.3639011+00:00" queuing="2026-03-01T14:20:01.3639012+00:00" start="2026-03-01T14:20:00.9099912+00:00" finish="2026-03-01T14:20:01.3716509+00:00" />
  <TestSettings name="default" id="8376ea35-3ef7-4d11-82d7-c0228138a317">
    <Deployment runDeploymentRoot="spark_NICK-PC_2026-03-01_14_20_01" />
  </TestSettings>
  <Results>
    <UnitTestResult executionId="f09860a1-7a46-4e43-8cc0-7b8fd3020486" testId="796192f5-95ab-b8a7-ffb4-10dbd0bb0ba3" testName="CoreFtp.Tests.Integration.FtpClientTests.ActiveModeTests.ListAllAsync_ActiveMode_ReturnsDirectoryListing" computerName="NICK-PC" duration="00:00:00.0640204" startTime="2026-03-01T14:20:01.2249262+00:00" endTime="2026-03-01T14:20:01.2995142+00:00" testType="13cdc9d9-ddb5-4fa4-a97d-d965ccfc6d4b" outcome="Failed" testListId="8c84fa94-04c1-424b-9868-57a2d4851a1d" relativeResultsDirectory="f09860a1-7a46-4e43-8cc0-7b8fd3020486">
      <Output>
        <StdOut>Error sending QUIT command during logout</StdOut>
        <ErrorInfo>
          <Message>System.NotSupportedException : Synchronous operations are not supported on this stream. Use ReadAsync instead.</Message>
          <StackTrace>   at CoreFtp.Infrastructure.Stream.ActiveDataStream.Read(Byte[] buffer, Int32 offset, Int32 count) in D:\code\oss\CoreFTP\src\CoreFtp\Infrastructure\Stream\ActiveDataStream.cs:line 82&#xD;
   at CoreFtp.Components.DirectoryListing.DirectoryProviderBase.ReadLine(Encoding encoding) in D:\code\oss\CoreFTP\src\CoreFtp\Components\DirectoryListing\DirectoryProviderBase.cs:line 38&#xD;
   at CoreFtp.Components.DirectoryListing.DirectoryProviderBase.RetrieveDirectoryListing()+MoveNext() in D:\code\oss\CoreFTP\src\CoreFtp\Components\DirectoryListing\DirectoryProviderBase.cs:line 22&#xD;
   at System.Collections.Generic.List`1..ctor(IEnumerable`1 collection)&#xD;
   at System.Linq.Enumerable.ToList[TSource](IEnumerable`1 source)&#xD;
   at CoreFtp.Components.DirectoryListing.ListDirectoryProvider.ListNodesAsync(Nullable`1 ftpNodeType) in D:\code\oss\CoreFTP\src\CoreFtp\Components\DirectoryListing\ListDirectoryProvider.cs:line 108&#xD;
   at CoreFtp.Components.DirectoryListing.ListDirectoryProvider.ListAllAsync() in D:\code\oss\CoreFTP\src\CoreFtp\Components\DirectoryListing\ListDirectoryProvider.cs:line 50&#xD;
   at CoreFtp.FtpClient.ListAllAsync() in D:\code\oss\CoreFTP\src\CoreFtp\FtpClient.cs:line 386&#xD;
   at CoreFtp.FtpClient.ListAllAsync() in D:\code\oss\CoreFTP\src\CoreFtp\FtpClient.cs:line 391&#xD;
   at CoreFtp.Tests.Integration.FtpClientTests.ActiveModeTests.ListAllAsync_ActiveMode_ReturnsDirectoryListing() in D:\code\oss\CoreFTP\tests\CoreFtp.Tests.Integration\FtpClientTests\ActiveModeTests.cs:line 135&#xD;
--- End of stack trace from previous location ---</StackTrace>
        </ErrorInfo>
      </Output>
    </UnitTestResult>
  </Results>
  <TestDefinitions>
    <UnitTest name="CoreFtp.Tests.Integration.FtpClientTests.ActiveModeTests.ListAllAsync_ActiveMode_ReturnsDirectoryListing" storage="d:\code\oss\coreftp\tests\coreftp.tests.integration\bin\debug\net10.0\coreftp.tests.integration.dll" id="796192f5-95ab-b8a7-ffb4-10dbd0bb0ba3">
      <Execution id="f09860a1-7a46-4e43-8cc0-7b8fd3020486" />
      <TestMethod codeBase="D:\code\oss\CoreFTP\tests\CoreFtp.Tests.Integration\bin\Debug\net10.0\CoreFtp.Tests.Integration.dll" adapterTypeName="executor://xunit/VsTestRunner3/netcore/" className="CoreFtp.Tests.Integration.FtpClientTests.ActiveModeTests" name="ListAllAsync_ActiveMode_ReturnsDirectoryListing" />
    </UnitTest>
  </TestDefinitions>
  <TestEntries>
    <TestEntry testId="796192f5-95ab-b8a7-ffb4-10dbd0bb0ba3" executionId="f09860a1-7a46-4e43-8cc0-7b8fd3020486" testListId="8c84fa94-04c1-424b-9868-57a2d4851a1d" />
  </TestEntries>
  <TestLists>
    <TestList name="Results Not in a List" id="8c84fa94-04c1-424b-9868-57a2d4851a1d" />
    <TestList name="All Loaded Results" id="19431567-8539-422a-85d7-44ee4e166bda" />
  </TestLists>
  <ResultSummary outcome="Failed">
    <Counters total="1" executed="1" passed="0" failed="1" error="0" timeout="0" aborted="0" inconclusive="0" passedButRunAborted="0" notRunnable="0" notExecuted="0" disconnected="0" warning="0" completed="0" inProgress="0" pending="0" />
    <Output>
      <StdOut>[xUnit.net 00:00:00.00] xUnit.net VSTest Adapter v3.0.0+e341b939fe (64-bit .NET 10.0.3)&#xD;
[xUnit.net 00:00:00.04]   Discovering: CoreFtp.Tests.Integration&#xD;
[xUnit.net 00:00:00.06]   Discovered:  CoreFtp.Tests.Integration&#xD;
[xUnit.net 00:00:00.07]   Starting:    CoreFtp.Tests.Integration&#xD;
[xUnit.net 00:00:00.16]       System.NotSupportedException : Synchronous operations are not supported on this stream. Use ReadAsync instead.&#xD;
[xUnit.net 00:00:00.16]       Stack Trace:&#xD;
[xUnit.net 00:00:00.16]         D:\code\oss\CoreFTP\src\CoreFtp\Infrastructure\Stream\ActiveDataStream.cs(82,0): at CoreFtp.Infrastructure.Stream.ActiveDataStream.Read(Byte[] buffer, Int32 offset, Int32 count)&#xD;
[xUnit.net 00:00:00.16]         D:\code\oss\CoreFTP\src\CoreFtp\Components\DirectoryListing\DirectoryProviderBase.cs(38,0): at CoreFtp.Components.DirectoryListing.DirectoryProviderBase.ReadLine(Encoding encoding)&#xD;
[xUnit.net 00:00:00.16]         D:\code\oss\CoreFTP\src\CoreFtp\Components\DirectoryListing\DirectoryProviderBase.cs(22,0): at CoreFtp.Components.DirectoryListing.DirectoryProviderBase.RetrieveDirectoryListing()+MoveNext()&#xD;
[xUnit.net 00:00:00.16]            at System.Collections.Generic.List`1..ctor(IEnumerable`1 collection)&#xD;
[xUnit.net 00:00:00.16]            at System.Linq.Enumerable.ToList[TSource](IEnumerable`1 source)&#xD;
[xUnit.net 00:00:00.16]         D:\code\oss\CoreFTP\src\CoreFtp\Components\DirectoryListing\ListDirectoryProvider.cs(108,0): at CoreFtp.Components.DirectoryListing.ListDirectoryProvider.ListNodesAsync(Nullable`1 ftpNodeType)&#xD;
[xUnit.net 00:00:00.16]         D:\code\oss\CoreFTP\src\CoreFtp\Components\DirectoryListing\ListDirectoryProvider.cs(50,0): at CoreFtp.Components.DirectoryListing.ListDirectoryProvider.ListAllAsync()&#xD;
[xUnit.net 00:00:00.16]         D:\code\oss\CoreFTP\src\CoreFtp\FtpClient.cs(386,0): at CoreFtp.FtpClient.ListAllAsync()&#xD;
[xUnit.net 00:00:00.16]         D:\code\oss\CoreFTP\src\CoreFtp\FtpClient.cs(391,0): at CoreFtp.FtpClient.ListAllAsync()&#xD;
[xUnit.net 00:00:00.16]         D:\code\oss\CoreFTP\tests\CoreFtp.Tests.Integration\FtpClientTests\ActiveModeTests.cs(135,0): at CoreFtp.Tests.Integration.FtpClientTests.ActiveModeTests.ListAllAsync_ActiveMode_ReturnsDirectoryListing()&#xD;
[xUnit.net 00:00:00.16]         --- End of stack trace from previous location ---&#xD;
[xUnit.net 00:00:00.16]       Output:&#xD;
[xUnit.net 00:00:00.16]         Error sending QUIT command during logout&#xD;
[xUnit.net 00:00:00.16]   Finished:    CoreFtp.Tests.Integration&#xD;
</StdOut>
    </Output>
    <RunInfos>
      <RunInfo computerName="NICK-PC" outcome="Error" timestamp="2026-03-01T14:20:01.3010576+00:00">
        <Text>[xUnit.net 00:00:00.16]     CoreFtp.Tests.Integration.FtpClientTests.ActiveModeTests.ListAllAsync_ActiveMode_ReturnsDirectoryListing [FAIL]</Text>
      </RunInfo>
    </RunInfos>
  </ResultSummary>
</TestRun>